<?xml version="1.0" encoding="UTF-8"?>
<!-- Generated by org.testng.reporters.JUnitReportReporter -->
<testsuite skipped="0" hostname="Sirishas-MacBook-Pro.local" name="com.flexon.TestBase.TestBase" tests="1" failures="0" timestamp="10 Dec 2019 21:29:34 GMT" time="0.008" errors="0">
  <testcase name="initializeThis" time="0.008" classname="com.flexon.TestBase.TestBase"/>
</testsuite> <!-- com.flexon.TestBase.TestBase -->
