<?xml version="1.0" encoding="UTF-8"?>
<!-- Generated by org.testng.reporters.JUnitReportReporter -->
<testsuite skipped="0" hostname="Sirishas-MacBook-Pro.local" name="loginTestcases.TC001_verify_validlogin" tests="1" failures="0" timestamp="10 Dec 2019 23:13:08 GMT" time="1.752" errors="0">
  <testcase name="validLogin" time="1.752" classname="loginTestcases.TC001_verify_validlogin"/>
</testsuite> <!-- loginTestcases.TC001_verify_validlogin -->
